<?xml version="1.0" encoding="UTF-8"?>
<!-- Generated by org.testng.reporters.JUnitReportReporter -->
<testsuite skipped="0" hostname="DESKTOP-5D229M9" name="tests.UploadDocument_HelloWorld" tests="1" failures="0" timestamp="28 Jun 2021 18:50:19 GMT" time="6.007" errors="0">
  <testcase name="TestingUpload" time="6.007" classname="tests.UploadDocument_HelloWorld"/>
</testsuite> <!-- tests.UploadDocument_HelloWorld -->
