<?xml version="1.0" encoding="UTF-8"?>
<!-- Generated by org.testng.reporters.JUnitReportReporter -->
<testsuite skipped="0" hostname="DESKTOP-5D229M9" name="tests.UploadDocument" tests="1" failures="0" timestamp="17 May 2021 21:28:28 GMT" time="5.514" errors="0">
  <testcase name="TestingUpload" time="5.514" classname="tests.UploadDocument"/>
</testsuite> <!-- tests.UploadDocument -->
