<?xml version="1.0" encoding="UTF-8"?>
<!-- Generated by org.testng.reporters.JUnitReportReporter -->
<testsuite skipped="0" hostname="DESKTOP-5D229M9" name="tests.OnBoardingApp.Reviewtab_Guarantors_matches_detailstab" tests="1" failures="0" timestamp="30 Nov 2021 03:17:21 GMT" time="55.418" errors="0">
  <testcase name="ReviewTab_Guarantors_matches_detailstab_test" time="55.418" classname="tests.OnBoardingApp.Reviewtab_Guarantors_matches_detailstab"/>
</testsuite> <!-- tests.OnBoardingApp.Reviewtab_Guarantors_matches_detailstab -->
