<?xml version="1.0" encoding="UTF-8"?>
<!-- Generated by org.testng.reporters.JUnitReportReporter -->
<testsuite skipped="0" hostname="DESKTOP-5D229M9" name="tests.OnBoardingApp.DetailsTab_add_new_location" tests="1" failures="0" timestamp="30 Nov 2021 01:23:18 GMT" time="40.970" errors="0">
  <testcase name="DetailsTab_Screen__test_validation" time="40.970" classname="tests.OnBoardingApp.DetailsTab_add_new_location"/>
</testsuite> <!-- tests.OnBoardingApp.DetailsTab_add_new_location -->
