<?xml version="1.0" encoding="UTF-8"?>
<!-- Generated by org.testng.reporters.JUnitReportReporter -->
<testsuite skipped="0" hostname="DESKTOP-5D229M9" name="tests.OnBoardingApp.PricingTab_Exports_CSV_file" tests="1" failures="0" timestamp="30 Nov 2021 03:04:25 GMT" time="39.730" errors="0">
  <testcase name="PricingTab_exports_csv_test" time="39.730" classname="tests.OnBoardingApp.PricingTab_Exports_CSV_file"/>
</testsuite> <!-- tests.OnBoardingApp.PricingTab_Exports_CSV_file -->
