<?xml version="1.0" encoding="UTF-8"?>
<!-- Generated by org.testng.reporters.JUnitReportReporter -->
<testsuite skipped="0" hostname="DESKTOP-5D229M9" name="tests.OnBoardingApp.PricingTab_Save_button_validation" tests="1" failures="0" timestamp="30 Nov 2021 03:03:07 GMT" time="46.728" errors="0">
  <testcase name="PricingTab_Save_button_valition_test" time="46.728" classname="tests.OnBoardingApp.PricingTab_Save_button_validation"/>
</testsuite> <!-- tests.OnBoardingApp.PricingTab_Save_button_validation -->
