<?xml version="1.0" encoding="UTF-8"?>
<!-- Generated by org.testng.reporters.JUnitReportReporter -->
<testsuite skipped="0" hostname="DESKTOP-5D229M9" name="tests.OnBoardingApp.DetailsTab_add_new_specialist" tests="1" failures="0" timestamp="30 Nov 2021 03:05:35 GMT" time="37.416" errors="0">
  <testcase name="DetailsTab_Screen__test_validation" time="37.416" classname="tests.OnBoardingApp.DetailsTab_add_new_specialist"/>
</testsuite> <!-- tests.OnBoardingApp.DetailsTab_add_new_specialist -->
