<?xml version="1.0" encoding="UTF-8"?>
<!-- Generated by org.testng.reporters.JUnitReportReporter -->
<testsuite skipped="0" hostname="DESKTOP-5D229M9" name="tests.OnBoardingApp.GatherProspect_screen_validation" tests="1" failures="0" timestamp="30 Nov 2021 01:23:17 GMT" time="32.859" errors="0">
  <testcase name="GatherProspect_screen__test_validation" time="32.859" classname="tests.OnBoardingApp.GatherProspect_screen_validation"/>
</testsuite> <!-- tests.OnBoardingApp.GatherProspect_screen_validation -->
