<?xml version="1.0" encoding="UTF-8"?>
<!-- Generated by org.testng.reporters.JUnitReportReporter -->
<testsuite skipped="0" hostname="DESKTOP-5D229M9" name="tests.OnBoardingApp.GatherProspect_search_with_fein_number" tests="1" failures="0" timestamp="30 Nov 2021 01:23:18 GMT" time="29.574" errors="0">
  <testcase name="GatherProspect_screen__test_searchwithfein" time="29.574" classname="tests.OnBoardingApp.GatherProspect_search_with_fein_number"/>
</testsuite> <!-- tests.OnBoardingApp.GatherProspect_search_with_fein_number -->
