<?xml version="1.0" encoding="UTF-8"?>
<!-- Generated by org.testng.reporters.JUnitReportReporter -->
<testsuite skipped="0" hostname="DESKTOP-5D229M9" name="tests.Login" tests="3" failures="0" timestamp="19 May 2021 16:18:34 GMT" time="25.787" errors="0">
  <testcase name="verifyUserLoginWithCorrectCredentals" time="6.846" classname="tests.Login"/>
  <testcase name="verifyUserLoginWithCorrectCredentals" time="7.026" classname="tests.Login"/>
  <testcase name="verifyUserLoginWithCorrectCredentals" time="11.915" classname="tests.Login"/>
</testsuite> <!-- tests.Login -->
