<?xml version="1.0" encoding="UTF-8"?>
<!-- Generated by org.testng.reporters.JUnitReportReporter -->
<testsuite skipped="0" hostname="DESKTOP-5D229M9" name="tests.OnBoardingApp.DetailsTab_Select_PrimaryContact_as_first_guarantoor" tests="1" failures="0" timestamp="30 Nov 2021 03:08:31 GMT" time="38.223" errors="0">
  <testcase name="DetailsTab_Select_PrimaryContact_as_first_guarantoor_test" time="38.223" classname="tests.OnBoardingApp.DetailsTab_Select_PrimaryContact_as_first_guarantoor"/>
</testsuite> <!-- tests.OnBoardingApp.DetailsTab_Select_PrimaryContact_as_first_guarantoor -->
