<?xml version="1.0" encoding="UTF-8"?>
<!-- Generated by org.testng.reporters.JUnitReportReporter -->
<testsuite skipped="0" hostname="DESKTOP-5D229M9" name="tests.OnBoardingApp.PricingTab_send_reduction_request_email" tests="1" failures="0" timestamp="30 Nov 2021 03:40:51 GMT" time="45.901" errors="0">
  <testcase name="PricingTab_send_reduction_request_email_test" time="45.901" classname="tests.OnBoardingApp.PricingTab_send_reduction_request_email"/>
</testsuite> <!-- tests.OnBoardingApp.PricingTab_send_reduction_request_email -->
