<?xml version="1.0" encoding="UTF-8"?>
<!-- Generated by org.testng.reporters.JUnitReportReporter -->
<testsuite skipped="0" hostname="DESKTOP-5D229M9" name="tests.OnBoardingApp.Clients_page_Validation" tests="1" failures="0" timestamp="01 Oct 2021 19:06:56 GMT" time="24.481" errors="0">
  <testcase name="Dashboard_Screen_Elements_validation" time="24.481" classname="tests.OnBoardingApp.Clients_page_Validation"/>
</testsuite> <!-- tests.OnBoardingApp.Clients_page_Validation -->
