<?xml version="1.0" encoding="UTF-8"?>
<!-- Generated by org.testng.reporters.JUnitReportReporter -->
<testsuite skipped="0" hostname="DESKTOP-5D229M9" name="tests.OnBoardingApp.PricingTab_screen_validation" tests="1" failures="0" timestamp="30 Nov 2021 01:23:17 GMT" time="51.369" errors="0">
  <testcase name="PricingTab_Screen_validation" time="51.369" classname="tests.OnBoardingApp.PricingTab_screen_validation"/>
</testsuite> <!-- tests.OnBoardingApp.PricingTab_screen_validation -->
