<?xml version="1.0" encoding="UTF-8"?>
<!-- Generated by org.testng.reporters.JUnitReportReporter -->
<testsuite skipped="0" hostname="DESKTOP-5D229M9" name="tests.NordicGlobal.Validate_Elements_in_HomePage" tests="1" failures="0" timestamp="2022-01-17T20:55:47 BRT" time="17.201" errors="0">
  <testcase name="Validate_Elements_in_HomePage_test" time="17.201" classname="tests.NordicGlobal.Validate_Elements_in_HomePage"/>
  <system-out/>
</testsuite> <!-- tests.NordicGlobal.Validate_Elements_in_HomePage -->
