<?xml version="1.0" encoding="UTF-8"?>
<!-- Generated by org.testng.reporters.JUnitReportReporter -->
<testsuite skipped="0" hostname="DESKTOP-5D229M9" name="tests.OnBoardingApp.DetailsTab_Add_new_financials_and_payroll" tests="1" failures="0" timestamp="30 Nov 2021 01:23:17 GMT" time="38.607" errors="0">
  <testcase name="DetailsTab_PublishedModifier_is_thesame_inPricingTab_test" time="38.607" classname="tests.OnBoardingApp.DetailsTab_Add_new_financials_and_payroll"/>
</testsuite> <!-- tests.OnBoardingApp.DetailsTab_Add_new_financials_and_payroll -->
