<?xml version="1.0" encoding="UTF-8"?>
<!-- Generated by org.testng.reporters.JUnitReportReporter -->
<testsuite skipped="0" hostname="DESKTOP-5D229M9" name="tests.OnBoardingApp.DocumentsTab_ApproveDocument" tests="1" failures="0" timestamp="10 Jan 2022 19:30:22 GMT" time="38.944" errors="0">
  <testcase name="DocumentsTab_ApproveDocument_test" time="38.944" classname="tests.OnBoardingApp.DocumentsTab_ApproveDocument"/>
</testsuite> <!-- tests.OnBoardingApp.DocumentsTab_ApproveDocument -->
