<?xml version="1.0" encoding="UTF-8"?>
<!-- Generated by org.testng.reporters.JUnitReportReporter -->
<testsuite skipped="0" hostname="DESKTOP-5D229M9" name="tests.LoginTestNegative" tests="2" failures="0" timestamp="18 May 2021 22:16:55 GMT" time="10.998" errors="0">
  <testcase name="verifyUserLoginWithIncorrectCredentals" time="6.441" classname="tests.LoginTestNegative"/>
  <testcase name="verifyUserLoginWithCorrectCredentals" time="4.557" classname="tests.LoginTestNegative"/>
</testsuite> <!-- tests.LoginTestNegative -->
