<?xml version="1.0" encoding="UTF-8"?>
<!-- Generated by org.testng.reporters.JUnitReportReporter -->
<testsuite skipped="0" hostname="DESKTOP-5D229M9" name="tests.OnBoardingApp.ReviewTab_screen_validation" tests="1" failures="0" timestamp="30 Nov 2021 01:23:17 GMT" time="30.074" errors="0">
  <testcase name="DetailsTab_Screen__test_validation" time="30.074" classname="tests.OnBoardingApp.ReviewTab_screen_validation"/>
</testsuite> <!-- tests.OnBoardingApp.ReviewTab_screen_validation -->
