<?xml version="1.0" encoding="UTF-8"?>
<!-- Generated by org.testng.reporters.JUnitReportReporter -->
<testsuite skipped="0" hostname="DESKTOP-5D229M9" name="tests.OnBoardingApp.LoginInOnBoardingApp" tests="1" failures="0" timestamp="05 Jul 2021 14:46:59 GMT" time="46.873" errors="0">
  <testcase name="End2EndOnBoardingAPP" time="46.873" classname="tests.OnBoardingApp.LoginInOnBoardingApp"/>
</testsuite> <!-- tests.OnBoardingApp.LoginInOnBoardingApp -->
