<?xml version="1.0" encoding="UTF-8"?>
<!-- Generated by org.testng.reporters.JUnitReportReporter -->
<testsuite skipped="0" hostname="DESKTOP-5D229M9" name="tests.OnBoardingApp.Clients_page_search_for_company" tests="1" failures="0" timestamp="01 Oct 2021 19:22:18 GMT" time="33.898" errors="0">
  <testcase name="Dashboard_Screen_Elements_validation" time="33.898" classname="tests.OnBoardingApp.Clients_page_search_for_company"/>
</testsuite> <!-- tests.OnBoardingApp.Clients_page_search_for_company -->
