<?xml version="1.0" encoding="UTF-8"?>
<!-- Generated by org.testng.reporters.JUnitReportReporter -->
<testsuite skipped="0" hostname="DESKTOP-5D229M9" name="tests.OnBoardingApp.DetailsTab_change_first_checkin_date" tests="1" failures="0" timestamp="30 Nov 2021 01:23:18 GMT" time="38.487" errors="0">
  <testcase name="DetailsTab_change_first_checkin_date_test" time="38.487" classname="tests.OnBoardingApp.DetailsTab_change_first_checkin_date"/>
</testsuite> <!-- tests.OnBoardingApp.DetailsTab_change_first_checkin_date -->
