<?xml version="1.0" encoding="UTF-8"?>
<!-- Generated by org.testng.reporters.JUnitReportReporter -->
<testsuite skipped="0" hostname="DESKTOP-5D229M9" name="tests.OnBoardingApp.Dashboard_screen_Filter_test" tests="1" failures="0" timestamp="30 Nov 2021 01:23:17 GMT" time="26.166" errors="0">
  <testcase name="Dashboard_Screen_FilterTest_validation" time="26.166" classname="tests.OnBoardingApp.Dashboard_screen_Filter_test"/>
</testsuite> <!-- tests.OnBoardingApp.Dashboard_screen_Filter_test -->
