<?xml version="1.0" encoding="UTF-8"?>
<!-- Generated by org.testng.reporters.JUnitReportReporter -->
<testsuite skipped="0" hostname="DESKTOP-5D229M9" name="tests.OnBoardingApp.DetailsTab_change_sucessor_wages_checkbox" tests="1" failures="0" timestamp="30 Nov 2021 01:23:17 GMT" time="40.476" errors="0">
  <testcase name="DetailsTab_change_sucessor_wages_checkbox_test" time="40.476" classname="tests.OnBoardingApp.DetailsTab_change_sucessor_wages_checkbox"/>
</testsuite> <!-- tests.OnBoardingApp.DetailsTab_change_sucessor_wages_checkbox -->
