<?xml version="1.0" encoding="UTF-8"?>
<!-- Generated by org.testng.reporters.JUnitReportReporter -->
<testsuite skipped="0" hostname="DESKTOP-5D229M9" name="tests.OnBoardingApp.Business_Unit_branch_contracts_can_search_prospects" tests="1" failures="0" timestamp="30 Nov 2021 01:23:17 GMT" time="29.598" errors="0">
  <testcase name="Business_Unit_branch_contracts_can_search_prospects_test" time="29.598" classname="tests.OnBoardingApp.Business_Unit_branch_contracts_can_search_prospects"/>
</testsuite> <!-- tests.OnBoardingApp.Business_Unit_branch_contracts_can_search_prospects -->
